{"level":"\u001b[32minfo\u001b[39m","message":"{\"method\":\"POST\",\"url\":\"/api/v1users/register\",\"status\":\"404\",\"responseTime\":\"5.453\"}","timestamp":"2025-02-08T06:39:57.400Z"}
{"level":"\u001b[32minfo\u001b[39m","message":"{\"method\":\"POST\",\"url\":\"/api/v1/users/register\",\"status\":\"400\",\"responseTime\":\"345.661\"}","timestamp":"2025-02-08T06:40:09.718Z"}
{"level":"\u001b[32minfo\u001b[39m","message":"{\"method\":\"POST\",\"url\":\"/api/v1/users/register\",\"status\":\"201\",\"responseTime\":\"4290.209\"}","timestamp":"2025-02-08T06:40:50.541Z"}
{"level":"\u001b[32minfo\u001b[39m","message":"{\"method\":\"POST\",\"url\":\"/api/v1/users/register\",\"status\":\"201\",\"responseTime\":\"4392.983\"}","timestamp":"2025-02-08T06:57:50.103Z"}
{"level":"\u001b[32minfo\u001b[39m","message":"{\"method\":\"POST\",\"url\":\"/api/v1/users/verify-otp\",\"status\":\"200\",\"responseTime\":\"497.954\"}","timestamp":"2025-02-08T06:59:16.075Z"}
{"level":"\u001b[32minfo\u001b[39m","message":"{\"method\":\"GET\",\"url\":\"/api/v1/users/\",\"status\":\"200\",\"responseTime\":\"69.902\"}","timestamp":"2025-02-08T07:00:56.911Z"}
{"level":"\u001b[32minfo\u001b[39m","message":"{\"method\":\"POST\",\"url\":\"/api/v1/users/register\",\"status\":\"500\",\"responseTime\":\"11.102\"}","timestamp":"2025-02-08T07:11:15.725Z"}
{"level":"\u001b[32minfo\u001b[39m","message":"{\"method\":\"POST\",\"url\":\"/api/v1/users/register\",\"status\":\"500\",\"responseTime\":\"0.780\"}","timestamp":"2025-02-08T07:12:28.282Z"}
{"level":"\u001b[32minfo\u001b[39m","message":"{\"method\":\"POST\",\"url\":\"/api/v1/users/register\",\"status\":\"500\",\"responseTime\":\"1.478\"}","timestamp":"2025-02-08T07:13:10.699Z"}
{"level":"\u001b[32minfo\u001b[39m","message":"{\"method\":\"POST\",\"url\":\"/api/v1/users/register\",\"status\":\"500\",\"responseTime\":\"0.635\"}","timestamp":"2025-02-08T07:16:29.405Z"}
{"level":"\u001b[32minfo\u001b[39m","message":"{\"method\":\"POST\",\"url\":\"/api/v1/users/register\",\"status\":\"500\",\"responseTime\":\"0.858\"}","timestamp":"2025-02-08T07:16:51.018Z"}
{"level":"\u001b[32minfo\u001b[39m","message":"{\"method\":\"POST\",\"url\":\"/api/v1/users/register\",\"status\":\"500\",\"responseTime\":\"0.662\"}","timestamp":"2025-02-08T07:17:13.723Z"}
{"level":"\u001b[32minfo\u001b[39m","message":"{\"method\":\"POST\",\"url\":\"/api/v1/users/register\",\"status\":\"500\",\"responseTime\":\"0.495\"}","timestamp":"2025-02-08T07:17:26.094Z"}
{"level":"\u001b[32minfo\u001b[39m","message":"{\"method\":\"POST\",\"url\":\"/api/v1/users/register\",\"status\":\"500\",\"responseTime\":\"0.846\"}","timestamp":"2025-02-08T07:17:36.090Z"}
{"level":"\u001b[32minfo\u001b[39m","message":"{\"method\":\"POST\",\"url\":\"/api/v1/users/register\",\"status\":\"500\",\"responseTime\":\"1.290\"}","timestamp":"2025-02-08T07:17:50.953Z"}
{"level":"\u001b[32minfo\u001b[39m","message":"{\"method\":\"POST\",\"url\":\"/api/v1/users/register\",\"status\":\"500\",\"responseTime\":\"0.749\"}","timestamp":"2025-02-08T07:18:18.874Z"}
{"level":"\u001b[32minfo\u001b[39m","message":"{\"method\":\"POST\",\"url\":\"/api/v1/auth/login\",\"status\":\"400\",\"responseTime\":\"73.564\"}","timestamp":"2025-02-08T10:13:06.854Z"}
{"level":"\u001b[32minfo\u001b[39m","message":"{\"method\":\"POST\",\"url\":\"/api/v1/auth/login\",\"status\":\"200\",\"responseTime\":\"328.571\"}","timestamp":"2025-02-08T10:13:22.814Z"}
{"level":"\u001b[32minfo\u001b[39m","message":"{\"method\":\"POST\",\"url\":\"/api/v1/auth/login\",\"status\":\"400\",\"responseTime\":\"67.089\"}","timestamp":"2025-02-08T10:14:41.312Z"}
{"level":"\u001b[32minfo\u001b[39m","message":"{\"method\":\"POST\",\"url\":\"/api/v1/users/register\",\"status\":\"500\",\"responseTime\":\"10.529\"}","timestamp":"2025-02-08T10:18:01.490Z"}
{"level":"\u001b[32minfo\u001b[39m","message":"{\"method\":\"POST\",\"url\":\"/api/v1/users/register\",\"status\":\"500\",\"responseTime\":\"1.581\"}","timestamp":"2025-02-08T10:19:17.762Z"}
{"level":"\u001b[32minfo\u001b[39m","message":"{\"method\":\"POST\",\"url\":\"/api/v1/users/register\",\"status\":\"500\",\"responseTime\":\"1.588\"}","timestamp":"2025-02-08T10:19:18.674Z"}
{"level":"\u001b[32minfo\u001b[39m","message":"{\"method\":\"POST\",\"url\":\"/api/v1/users/register\",\"status\":\"500\",\"responseTime\":\"0.696\"}","timestamp":"2025-02-08T10:19:19.172Z"}
{"level":"\u001b[32minfo\u001b[39m","message":"{\"method\":\"POST\",\"url\":\"/api/v1/users/register\",\"status\":\"500\",\"responseTime\":\"0.938\"}","timestamp":"2025-02-08T10:19:19.602Z"}
{"level":"\u001b[32minfo\u001b[39m","message":"{\"method\":\"POST\",\"url\":\"/api/v1/users/register\",\"status\":\"500\",\"responseTime\":\"16.842\"}","timestamp":"2025-02-08T10:25:08.794Z"}
{"level":"\u001b[32minfo\u001b[39m","message":"{\"method\":\"POST\",\"url\":\"/api/v1/users/register\",\"status\":\"500\",\"responseTime\":\"1.470\"}","timestamp":"2025-02-08T10:25:10.738Z"}
{"level":"\u001b[32minfo\u001b[39m","message":"{\"method\":\"POST\",\"url\":\"/api/v1/users/register\",\"status\":\"500\",\"responseTime\":\"0.572\"}","timestamp":"2025-02-08T10:26:40.821Z"}
{"level":"\u001b[32minfo\u001b[39m","message":{},"timestamp":"2025-02-08T10:27:37.274Z"}
{"level":"\u001b[32minfo\u001b[39m","message":"{\"method\":\"POST\",\"url\":\"/api/v1/users/register\",\"status\":\"400\",\"responseTime\":\"18.656\"}","timestamp":"2025-02-08T10:27:37.293Z"}
{"level":"\u001b[33mwarn\u001b[39m","message":{},"timestamp":"2025-02-08T10:28:49.552Z"}
{"level":"\u001b[32minfo\u001b[39m","message":"{\"method\":\"POST\",\"url\":\"/api/v1/users/register\",\"status\":\"400\",\"responseTime\":\"16.809\"}","timestamp":"2025-02-08T10:28:49.569Z"}
{"level":"\u001b[32minfo\u001b[39m","message":"{\"method\":\"POST\",\"url\":\"/api/v1/users/register\",\"status\":\"400\",\"responseTime\":\"16.954\"}","timestamp":"2025-02-08T10:30:32.293Z"}
{"level":"\u001b[32minfo\u001b[39m","message":"{\"method\":\"POST\",\"url\":\"/api/v1/users/register\",\"status\":\"400\",\"responseTime\":\"16.055\"}","timestamp":"2025-02-08T10:32:01.406Z"}
{"level":"\u001b[32minfo\u001b[39m","message":"{\"method\":\"POST\",\"url\":\"/api/v1/users/register\",\"status\":\"400\",\"responseTime\":\"18.054\"}","timestamp":"2025-02-08T10:32:42.512Z"}
{"level":"\u001b[32minfo\u001b[39m","message":"{\"method\":\"POST\",\"url\":\"/api/v1/users/register\",\"status\":\"400\",\"responseTime\":\"16.114\"}","timestamp":"2025-02-08T10:32:59.335Z"}
{"level":"\u001b[32minfo\u001b[39m","message":"{\"method\":\"POST\",\"url\":\"/api/v1/users/register\",\"status\":\"201\",\"responseTime\":\"4182.074\"}","timestamp":"2025-02-08T10:33:54.120Z"}
{"level":"\u001b[32minfo\u001b[39m","message":"{\"method\":\"POST\",\"url\":\"/api/v1/auth/login\",\"status\":\"307\",\"responseTime\":\"3699.788\"}","timestamp":"2025-02-08T10:36:30.352Z"}
{"level":"\u001b[32minfo\u001b[39m","message":"{\"method\":\"POST\",\"url\":\"/api/v1/users/resendOtp\",\"status\":\"404\",\"responseTime\":\"5.820\"}","timestamp":"2025-02-08T10:39:25.632Z"}
{"level":"\u001b[32minfo\u001b[39m","message":"{\"method\":\"POST\",\"url\":\"/api/v1/auth/login\",\"status\":\"307\",\"responseTime\":\"3551.205\"}","timestamp":"2025-02-08T10:40:21.719Z"}
{"level":"\u001b[32minfo\u001b[39m","message":"{\"method\":\"POST\",\"url\":\"/api/v1/users/verify-otp\",\"status\":\"400\",\"responseTime\":\"69.910\"}","timestamp":"2025-02-08T10:40:46.118Z"}
{"level":"\u001b[32minfo\u001b[39m","message":"{\"method\":\"POST\",\"url\":\"/api/v1/users/verify-otp\",\"status\":\"200\",\"responseTime\":\"452.202\"}","timestamp":"2025-02-08T10:41:03.755Z"}
{"level":"\u001b[32minfo\u001b[39m","message":"{\"method\":\"POST\",\"url\":\"/api/v1/auth/logout\",\"status\":\"200\",\"responseTime\":\"403.607\"}","timestamp":"2025-02-08T10:42:29.794Z"}
{"level":"\u001b[32minfo\u001b[39m","message":"{\"method\":\"POST\",\"url\":\"/api/v1/auth/login\",\"status\":\"200\",\"responseTime\":\"602.492\"}","timestamp":"2025-02-08T10:42:46.110Z"}
{"level":"\u001b[32minfo\u001b[39m","message":"{\"method\":\"GET\",\"url\":\"/api/v1/users/\",\"status\":\"200\",\"responseTime\":\"64.966\"}","timestamp":"2025-02-08T10:43:26.947Z"}
{"level":"\u001b[32minfo\u001b[39m","message":"{\"method\":\"GET\",\"url\":\"/api/v1/users/\",\"status\":\"200\",\"responseTime\":\"130.781\"}","timestamp":"2025-02-08T10:50:19.326Z"}
{"level":"\u001b[32minfo\u001b[39m","message":"{\"method\":\"GET\",\"url\":\"/api/v1/users/\",\"status\":\"401\",\"responseTime\":\"8.661\"}","timestamp":"2025-02-08T10:50:31.293Z"}
{"level":"\u001b[32minfo\u001b[39m","message":"{\"method\":\"GET\",\"url\":\"/api/v1/users/\",\"status\":\"401\",\"responseTime\":\"1.287\"}","timestamp":"2025-02-08T10:51:56.243Z"}
{"level":"\u001b[32minfo\u001b[39m","message":"{\"method\":\"GET\",\"url\":\"/api/v1/users/\",\"status\":\"403\",\"responseTime\":\"70.641\"}","timestamp":"2025-02-08T10:52:08.896Z"}
{"level":"\u001b[32minfo\u001b[39m","message":"{\"method\":\"GET\",\"url\":\"/api/v1/users/\",\"status\":\"200\",\"responseTime\":\"126.179\"}","timestamp":"2025-02-08T10:52:21.861Z"}
{"level":"\u001b[32minfo\u001b[39m","message":"{\"method\":\"GET\",\"url\":\"/api/v1/users/67a7006a777e414936da1df8\",\"status\":\"500\",\"responseTime\":\"1.740\"}","timestamp":"2025-02-08T10:52:43.325Z"}
{"level":"\u001b[32minfo\u001b[39m","message":"{\"method\":\"GET\",\"url\":\"/api/v1/users/67a7006a777e414936da1df8\",\"status\":\"200\",\"responseTime\":\"128.526\"}","timestamp":"2025-02-08T10:52:55.093Z"}
